<?xml version="1.0" encoding="UTF-8"?>
<!-- Generated by org.testng.reporters.JUnitReportReporter -->
<testsuite skipped="0" hostname="LAPTOP-O7BRKD6N" name="TestActiTime1.TestActiTimeLogin" tests="1" failures="0" timestamp="2021-11-30T19:32:39 IST" time="13.597" errors="0">
  <testcase name="loginTest" time="13.597" classname="TestActiTime1.TestActiTimeLogin"/>
  <system-out/>
</testsuite> <!-- TestActiTime1.TestActiTimeLogin -->
