<?xml version="1.0" encoding="UTF-8"?>
<!-- Generated by org.testng.reporters.JUnitReportReporter -->
<testsuite skipped="0" hostname="LAPTOP-O7BRKD6N" name="listeners.Demo1" tests="1" failures="0" timestamp="2022-09-06T15:11:04 IST" time="7.416" errors="0">
  <testcase name="T1" time="7.416" classname="listeners.Demo1"/>
  <system-out/>
</testsuite> <!-- listeners.Demo1 -->
